This is pdfTeX, Version 3.141592653-2.6-1.40.24 (TeX Live 2022/nixos.org) (preloaded format=pdflatex 1980.1.1)  30 DEC 2023 03:54
entering extended mode
 restricted \write18 enabled.
 file:line:error style messages enabled.
 %&-line parsing enabled.
**homework4.tex
(./homework4.tex
LaTeX2e <2022-11-01> patch level 1
L3 programming layer <2023-02-22> (/nix/store/fgrmr0znpgyplwqk5p1aq11f9yib7d6c-texlive-combined-full-2022-final-texmfdist/tex/latex/base/article.cls
Document Class: article 2022/07/02 v1.4n Standard LaTeX document class
(/nix/store/fgrmr0znpgyplwqk5p1aq11f9yib7d6c-texlive-combined-full-2022-final-texmfdist/tex/latex/base/size12.clo
File: size12.clo 2022/07/02 v1.4n Standard LaTeX file (size option)
)
\c@part=\count185
\c@section=\count186
\c@subsection=\count187
\c@subsubsection=\count188
\c@paragraph=\count189
\c@subparagraph=\count190
\c@figure=\count191
\c@table=\count192
\abovecaptionskip=\skip48
\belowcaptionskip=\skip49
\bibindent=\dimen140
) (/nix/store/fgrmr0znpgyplwqk5p1aq11f9yib7d6c-texlive-combined-full-2022-final-texmfdist/tex/latex/geometry/geometry.sty
Package: geometry 2020/01/02 v5.9 Page Geometry
 (/nix/store/fgrmr0znpgyplwqk5p1aq11f9yib7d6c-texlive-combined-full-2022-final-texmfdist/tex/latex/graphics/keyval.sty
Package: keyval 2022/05/29 v1.15 key=value parser (DPC)
\KV@toks@=\toks16
) (/nix/store/fgrmr0znpgyplwqk5p1aq11f9yib7d6c-texlive-combined-full-2022-final-texmfdist/tex/generic/iftex/ifvtex.sty
Package: ifvtex 2019/10/25 v1.7 ifvtex legacy package. Use iftex instead.
 (/nix/store/fgrmr0znpgyplwqk5p1aq11f9yib7d6c-texlive-combined-full-2022-final-texmfdist/tex/generic/iftex/iftex.sty
Package: iftex 2022/02/03 v1.0f TeX engine tests
))
\Gm@cnth=\count193
\Gm@cntv=\count194
\c@Gm@tempcnt=\count195
\Gm@bindingoffset=\dimen141
\Gm@wd@mp=\dimen142
\Gm@odd@mp=\dimen143
\Gm@even@mp=\dimen144
\Gm@layoutwidth=\dimen145
\Gm@layoutheight=\dimen146
\Gm@layouthoffset=\dimen147
\Gm@layoutvoffset=\dimen148
\Gm@dimlist=\toks17
) (/nix/store/fgrmr0znpgyplwqk5p1aq11f9yib7d6c-texlive-combined-full-2022-final-texmfdist/tex/latex/algorithm2e/algorithm2e.sty
Package: algorithm2e 2017/07/18 v5.2 algorithms environments
\c@AlgoLine=\count196
 (/nix/store/fgrmr0znpgyplwqk5p1aq11f9yib7d6c-texlive-combined-full-2022-final-texmfdist/tex/latex/base/ifthen.sty
Package: ifthen 2022/04/13 v1.1d Standard LaTeX ifthen package (DPC)
)
\algocf@hangindent=\skip50
 (/nix/store/fgrmr0znpgyplwqk5p1aq11f9yib7d6c-texlive-combined-full-2022-final-texmfdist/tex/latex/ifoddpage/ifoddpage.sty
Package: ifoddpage 2022/10/18 v1.2 Conditionals for odd/even page detection
\c@checkoddpage=\count197
) (/nix/store/fgrmr0znpgyplwqk5p1aq11f9yib7d6c-texlive-combined-full-2022-final-texmfdist/tex/latex/tools/xspace.sty
Package: xspace 2014/10/28 v1.13 Space after command names (DPC,MH)
) (/nix/store/fgrmr0znpgyplwqk5p1aq11f9yib7d6c-texlive-combined-full-2022-final-texmfdist/tex/latex/relsize/relsize.sty
Package: relsize 2013/03/29 ver 4.1
)
\skiptotal=\skip51
\skiplinenumber=\skip52
\skiprule=\skip53
\skiphlne=\skip54
\skiptext=\skip55
\skiplength=\skip56
\algomargin=\skip57
\skipalgocfslide=\skip58
\algowidth=\dimen149
\inoutsize=\dimen150
\inoutindent=\dimen151
\interspacetitleruled=\dimen152
\interspacealgoruled=\dimen153
\interspacetitleboxruled=\dimen154
\algocf@ruledwidth=\skip59
\algocf@inoutbox=\box51
\algocf@inputbox=\box52
\AlCapSkip=\skip60
\AlCapHSkip=\skip61
\algoskipindent=\skip62
\algocf@nlbox=\box53
\algocf@hangingbox=\box54
\algocf@untilbox=\box55
\algocf@skipuntil=\skip63
\algocf@capbox=\box56
\algocf@lcaptionbox=\skip64
\algoheightruledefault=\skip65
\algoheightrule=\skip66
\algotitleheightruledefault=\skip67
\algotitleheightrule=\skip68
\c@algocfline=\count198
\c@algocfproc=\count199
\c@algocf=\count266
\algocf@algoframe=\box57
\algocf@algobox=\box58
) (/nix/store/fgrmr0znpgyplwqk5p1aq11f9yib7d6c-texlive-combined-full-2022-final-texmfdist/tex/latex/fancyhdr/fancyhdr.sty
Package: fancyhdr 2022/11/09 v4.1 Extensive control of page headers and footers
\f@nch@headwidth=\skip69
\f@nch@O@elh=\skip70
\f@nch@O@erh=\skip71
\f@nch@O@olh=\skip72
\f@nch@O@orh=\skip73
\f@nch@O@elf=\skip74
\f@nch@O@erf=\skip75
\f@nch@O@olf=\skip76
\f@nch@O@orf=\skip77
) (/nix/store/fgrmr0znpgyplwqk5p1aq11f9yib7d6c-texlive-combined-full-2022-final-texmfdist/tex/latex/enumitem/enumitem.sty
Package: enumitem 2019/06/20 v3.9 Customized lists
\labelindent=\skip78
\enit@outerparindent=\dimen155
\enit@toks=\toks18
\enit@inbox=\box59
\enit@count@id=\count267
\enitdp@description=\count268
) (/nix/store/fgrmr0znpgyplwqk5p1aq11f9yib7d6c-texlive-combined-full-2022-final-texmfdist/tex/latex/cjk/texinput/CJKutf8.sty
Package: CJKutf8 2021/10/16 4.8.5
 (/nix/store/fgrmr0znpgyplwqk5p1aq11f9yib7d6c-texlive-combined-full-2022-final-texmfdist/tex/generic/iftex/ifpdf.sty
Package: ifpdf 2019/10/25 v3.4 ifpdf legacy package. Use iftex instead.
) (/nix/store/fgrmr0znpgyplwqk5p1aq11f9yib7d6c-texlive-combined-full-2022-final-texmfdist/tex/latex/base/inputenc.sty
Package: inputenc 2021/02/14 v1.3d Input encoding file
\inpenc@prehook=\toks19
\inpenc@posthook=\toks20
) (/nix/store/fgrmr0znpgyplwqk5p1aq11f9yib7d6c-texlive-combined-full-2022-final-texmfdist/tex/latex/cjk/texinput/CJK.sty
Package: CJK 2021/10/16 4.8.5

(/nix/store/fgrmr0znpgyplwqk5p1aq11f9yib7d6c-texlive-combined-full-2022-final-texmfdist/tex/latex/cjk/texinput/mule/MULEenc.sty
Package: MULEenc 2021/10/16 4.8.5
) (/nix/store/fgrmr0znpgyplwqk5p1aq11f9yib7d6c-texlive-combined-full-2022-final-texmfdist/tex/latex/cjk/texinput/CJK.enc
File: CJK.enc 2021/10/16 4.8.5
Now handling font encoding C00 ...
... no UTF-8 mapping file for font encoding C00
Now handling font encoding C05 ...
... no UTF-8 mapping file for font encoding C05
Now handling font encoding C09 ...
... no UTF-8 mapping file for font encoding C09
Now handling font encoding C10 ...
... no UTF-8 mapping file for font encoding C10
Now handling font encoding C20 ...
... no UTF-8 mapping file for font encoding C20
Now handling font encoding C19 ...
... no UTF-8 mapping file for font encoding C19
Now handling font encoding C40 ...
... no UTF-8 mapping file for font encoding C40
Now handling font encoding C42 ...
... no UTF-8 mapping file for font encoding C42
Now handling font encoding C43 ...
... no UTF-8 mapping file for font encoding C43
Now handling font encoding C50 ...
... no UTF-8 mapping file for font encoding C50
Now handling font encoding C52 ...
... no UTF-8 mapping file for font encoding C52
Now handling font encoding C49 ...
... no UTF-8 mapping file for font encoding C49
Now handling font encoding C60 ...
... no UTF-8 mapping file for font encoding C60
Now handling font encoding C61 ...
... no UTF-8 mapping file for font encoding C61
Now handling font encoding C63 ...
... no UTF-8 mapping file for font encoding C63
Now handling font encoding C64 ...
... no UTF-8 mapping file for font encoding C64
Now handling font encoding C65 ...
... no UTF-8 mapping file for font encoding C65
Now handling font encoding C70 ...
... no UTF-8 mapping file for font encoding C70
Now handling font encoding C31 ...
... no UTF-8 mapping file for font encoding C31
Now handling font encoding C32 ...
... no UTF-8 mapping file for font encoding C32
Now handling font encoding C33 ...
... no UTF-8 mapping file for font encoding C33
Now handling font encoding C34 ...
... no UTF-8 mapping file for font encoding C34
Now handling font encoding C35 ...
... no UTF-8 mapping file for font encoding C35
Now handling font encoding C36 ...
... no UTF-8 mapping file for font encoding C36
Now handling font encoding C37 ...
... no UTF-8 mapping file for font encoding C37
Now handling font encoding C80 ...
... no UTF-8 mapping file for font encoding C80
Now handling font encoding C81 ...
... no UTF-8 mapping file for font encoding C81
Now handling font encoding C01 ...
... no UTF-8 mapping file for font encoding C01
Now handling font encoding C11 ...
... no UTF-8 mapping file for font encoding C11
Now handling font encoding C21 ...
... no UTF-8 mapping file for font encoding C21
Now handling font encoding C41 ...
... no UTF-8 mapping file for font encoding C41
Now handling font encoding C62 ...
... no UTF-8 mapping file for font encoding C62
)
\CJK@indent=\box60
) (/nix/store/fgrmr0znpgyplwqk5p1aq11f9yib7d6c-texlive-combined-full-2022-final-texmfdist/tex/latex/base/fontenc.sty
Package: fontenc 2021/04/29 v2.0v Standard LaTeX package
)) (/nix/store/fgrmr0znpgyplwqk5p1aq11f9yib7d6c-texlive-combined-full-2022-final-texmfdist/tex/generic/xypic/xy.sty (/nix/store/fgrmr0znpgyplwqk5p1aq11f9yib7d6c-texlive-combined-full-2022-final-texmfdist/tex/generic/xypic/xy.tex Bootstrap'ing: catcodes, docmode, (/nix/store/fgrmr0znpgyplwqk5p1aq11f9yib7d6c-texlive-combined-full-2022-final-texmfdist/tex/generic/xypic/xyrecat.tex) (/nix/store/fgrmr0znpgyplwqk5p1aq11f9yib7d6c-texlive-combined-full-2022-final-texmfdist/tex/generic/xypic/xyidioms.tex)

 Xy-pic version 3.8.9 <2013/10/06>
 Copyright (c) 1991-2013 by Kristoffer H. Rose <krisrose@tug.org> and others
 Xy-pic is free software: see the User's Guide for details.

Loading kernel: messages; fonts; allocations: state,
\X@c=\dimen156
\Y@c=\dimen157
\U@c=\dimen158
\D@c=\dimen159
\L@c=\dimen160
\R@c=\dimen161
\Edge@c=\toks21
\X@p=\dimen162
\Y@p=\dimen163
\U@p=\dimen164
\D@p=\dimen165
\L@p=\dimen166
\R@p=\dimen167
\Edge@p=\toks22
\X@origin=\dimen168
\Y@origin=\dimen169
\X@xbase=\dimen170
\Y@xbase=\dimen171
\X@ybase=\dimen172
\Y@ybase=\dimen173
\X@min=\dimen174
\Y@min=\dimen175
\X@max=\dimen176
\Y@max=\dimen177
\lastobjectbox@=\box61
\zerodotbox@=\box62
\almostz@=\dimen178
 direction,
\d@X=\dimen179
\d@Y=\dimen180
\K@=\count269
\KK@=\count270
\Direction=\count271
\K@dXdY=\dimen181
\K@dYdX=\dimen182
\xyread@=\read2
\xywrite@=\write3
\csp@=\count272
\quotPTK@=\dimen183
 utility macros; pictures: \xy, positions,
\swaptoks@@=\toks23
\connectobjectbox@@=\box63
 objects,
\styletoks@=\toks24
 decorations; kernel objects: directionals, circles, text; options; algorithms: directions, edges, connections;  Xy-pic loaded)
Package: xy 2013/10/06 Xy-pic version 3.8.9
 (/nix/store/fgrmr0znpgyplwqk5p1aq11f9yib7d6c-texlive-combined-full-2022-final-texmfdist/tex/generic/xypic/xyall.tex  Xy-pic option: All features v.3.8 (/nix/store/fgrmr0znpgyplwqk5p1aq11f9yib7d6c-texlive-combined-full-2022-final-texmfdist/tex/generic/xypic/xycurve.tex  Xy-pic option: Curve and Spline extension v.3.12 curve,
\crv@cnt@=\count273
\crvpts@=\toks25
\splinebox@=\box64
\splineval@=\dimen184
\splinedepth@=\dimen185
\splinetol@=\dimen186
\splinelength@=\dimen187
 circles,
\L@=\dimen188
 loaded) (/nix/store/fgrmr0znpgyplwqk5p1aq11f9yib7d6c-texlive-combined-full-2022-final-texmfdist/tex/generic/xypic/xyframe.tex  Xy-pic option: Frame and Bracket extension v.3.14 loaded) (/nix/store/fgrmr0znpgyplwqk5p1aq11f9yib7d6c-texlive-combined-full-2022-final-texmfdist/tex/generic/xypic/xycmtip.tex  Xy-pic option: Computer Modern tip extension v.3.7 (/nix/store/fgrmr0znpgyplwqk5p1aq11f9yib7d6c-texlive-combined-full-2022-final-texmfdist/tex/generic/xypic/xytips.tex  Xy-pic option: More Tips extension v.3.11 loaded) loaded) (/nix/store/fgrmr0znpgyplwqk5p1aq11f9yib7d6c-texlive-combined-full-2022-final-texmfdist/tex/generic/xypic/xyline.tex  Xy-pic option: Line styles extension v.3.10
\xylinethick@=\dimen189
 loaded) (/nix/store/fgrmr0znpgyplwqk5p1aq11f9yib7d6c-texlive-combined-full-2022-final-texmfdist/tex/generic/xypic/xyrotate.tex  Xy-pic option: Rotate and Scale extension v.3.8 loaded) (/nix/store/fgrmr0znpgyplwqk5p1aq11f9yib7d6c-texlive-combined-full-2022-final-texmfdist/tex/generic/xypic/xycolor.tex  Xy-pic option: Colour extension v.3.11 loaded) (/nix/store/fgrmr0znpgyplwqk5p1aq11f9yib7d6c-texlive-combined-full-2022-final-texmfdist/tex/generic/xypic/xymatrix.tex  Xy-pic option: Matrix feature v.3.14
\Row=\count274
\Col=\count275
\queue@=\toks26
\queue@@=\toks27
\qcount@=\count276
\qcount@@=\count277
\matrixsize@=\count278
 loaded) (/nix/store/fgrmr0znpgyplwqk5p1aq11f9yib7d6c-texlive-combined-full-2022-final-texmfdist/tex/generic/xypic/xyarrow.tex  Xy-pic option: Arrow and Path feature v.3.9 path, \ar, loaded)
(/nix/store/fgrmr0znpgyplwqk5p1aq11f9yib7d6c-texlive-combined-full-2022-final-texmfdist/tex/generic/xypic/xygraph.tex  Xy-pic option: Graph feature v.3.11 loaded) loaded) (/nix/store/fgrmr0znpgyplwqk5p1aq11f9yib7d6c-texlive-combined-full-2022-final-texmfdist/tex/generic/xypic/xypdf.tex  Xy-pic option: PDF driver v.1.7 Xy-pic pdf driver: `color' extension support (/nix/store/fgrmr0znpgyplwqk5p1aq11f9yib7d6c-texlive-combined-full-2022-final-texmfdist/tex/generic/xypic/xypdf-co.tex loaded) Xy-pic pdf driver: `curve' extension support (/nix/store/fgrmr0znpgyplwqk5p1aq11f9yib7d6c-texlive-combined-full-2022-final-texmfdist/tex/generic/xypic/xypdf-cu.tex loaded) Xy-pic pdf driver: `frame' extension support (/nix/store/fgrmr0znpgyplwqk5p1aq11f9yib7d6c-texlive-combined-full-2022-final-texmfdist/tex/generic/xypic/xypdf-fr.tex loaded) Xy-pic pdf driver: `line' extension support (/nix/store/fgrmr0znpgyplwqk5p1aq11f9yib7d6c-texlive-combined-full-2022-final-texmfdist/tex/generic/xypic/xypdf-li.tex loaded) Xy-pic pdf driver: `rotate' extension support (/nix/store/fgrmr0znpgyplwqk5p1aq11f9yib7d6c-texlive-combined-full-2022-final-texmfdist/tex/generic/xypic/xypdf-ro.tex loaded) loaded)) (/nix/store/fgrmr0znpgyplwqk5p1aq11f9yib7d6c-texlive-combined-full-2022-final-texmfdist/tex/latex/amsmath/amsmath.sty
Package: amsmath 2022/04/08 v2.17n AMS math features
\@mathmargin=\skip79

For additional information on amsmath, use the `?' option.
(/nix/store/fgrmr0znpgyplwqk5p1aq11f9yib7d6c-texlive-combined-full-2022-final-texmfdist/tex/latex/amsmath/amstext.sty
Package: amstext 2021/08/26 v2.01 AMS text
 (/nix/store/fgrmr0znpgyplwqk5p1aq11f9yib7d6c-texlive-combined-full-2022-final-texmfdist/tex/latex/amsmath/amsgen.sty
File: amsgen.sty 1999/11/30 v2.0 generic functions
\@emptytoks=\toks28
\ex@=\dimen190
)) (/nix/store/fgrmr0znpgyplwqk5p1aq11f9yib7d6c-texlive-combined-full-2022-final-texmfdist/tex/latex/amsmath/amsbsy.sty
Package: amsbsy 1999/11/29 v1.2d Bold Symbols
\pmbraise@=\dimen191
) (/nix/store/fgrmr0znpgyplwqk5p1aq11f9yib7d6c-texlive-combined-full-2022-final-texmfdist/tex/latex/amsmath/amsopn.sty
Package: amsopn 2022/04/08 v2.04 operator names
)
\inf@bad=\count279
LaTeX Info: Redefining \frac on input line 234.
\uproot@=\count280
\leftroot@=\count281
LaTeX Info: Redefining \overline on input line 399.
LaTeX Info: Redefining \colon on input line 410.
\classnum@=\count282
\DOTSCASE@=\count283
LaTeX Info: Redefining \ldots on input line 496.
LaTeX Info: Redefining \dots on input line 499.
LaTeX Info: Redefining \cdots on input line 620.
\Mathstrutbox@=\box65
\strutbox@=\box66
LaTeX Info: Redefining \big on input line 722.
LaTeX Info: Redefining \Big on input line 723.
LaTeX Info: Redefining \bigg on input line 724.
LaTeX Info: Redefining \Bigg on input line 725.
\big@size=\dimen192
LaTeX Font Info:    Redeclaring font encoding OML on input line 743.
LaTeX Font Info:    Redeclaring font encoding OMS on input line 744.
\macc@depth=\count284
LaTeX Info: Redefining \bmod on input line 905.
LaTeX Info: Redefining \pmod on input line 910.
LaTeX Info: Redefining \smash on input line 940.
LaTeX Info: Redefining \relbar on input line 970.
LaTeX Info: Redefining \Relbar on input line 971.
\c@MaxMatrixCols=\count285
\dotsspace@=\muskip16
\c@parentequation=\count286
\dspbrk@lvl=\count287
\tag@help=\toks29
\row@=\count288
\column@=\count289
\maxfields@=\count290
\andhelp@=\toks30
\eqnshift@=\dimen193
\alignsep@=\dimen194
\tagshift@=\dimen195
\tagwidth@=\dimen196
\totwidth@=\dimen197
\lineht@=\dimen198
\@envbody=\toks31
\multlinegap=\skip80
\multlinetaggap=\skip81
\mathdisplay@stack=\toks32
LaTeX Info: Redefining \[ on input line 2953.
LaTeX Info: Redefining \] on input line 2954.
) (/nix/store/fgrmr0znpgyplwqk5p1aq11f9yib7d6c-texlive-combined-full-2022-final-texmfdist/tex/latex/amscls/amsthm.sty
Package: amsthm 2020/05/29 v2.20.6
\thm@style=\toks33
\thm@bodyfont=\toks34
\thm@headfont=\toks35
\thm@notefont=\toks36
\thm@headpunct=\toks37
\thm@preskip=\skip82
\thm@postskip=\skip83
\thm@headsep=\skip84
\dth@everypar=\toks38
) (/nix/store/fgrmr0znpgyplwqk5p1aq11f9yib7d6c-texlive-combined-full-2022-final-texmfdist/tex/latex/amsfonts/amssymb.sty
Package: amssymb 2013/01/14 v3.01 AMS font symbols
 (/nix/store/fgrmr0znpgyplwqk5p1aq11f9yib7d6c-texlive-combined-full-2022-final-texmfdist/tex/latex/amsfonts/amsfonts.sty
Package: amsfonts 2013/01/14 v3.01 Basic AMSFonts support
\symAMSa=\mathgroup4
\symAMSb=\mathgroup5
LaTeX Font Info:    Redeclaring math symbol \hbar on input line 98.
LaTeX Font Info:    Overwriting math alphabet `\mathfrak' in version `bold'
(Font)                  U/euf/m/n --> U/euf/b/n on input line 106.
)) (/nix/store/fgrmr0znpgyplwqk5p1aq11f9yib7d6c-texlive-combined-full-2022-final-texmfdist/tex/latex/graphics/color.sty
Package: color 2022/01/06 v1.3d Standard LaTeX Color (DPC)
 (/nix/store/fgrmr0znpgyplwqk5p1aq11f9yib7d6c-texlive-combined-full-2022-final-texmfdist/tex/latex/graphics-cfg/color.cfg
File: color.cfg 2016/01/02 v1.6 sample color configuration
)
Package color Info: Driver file: pdftex.def on input line 149.
 (/nix/store/fgrmr0znpgyplwqk5p1aq11f9yib7d6c-texlive-combined-full-2022-final-texmfdist/tex/latex/graphics-def/pdftex.def
File: pdftex.def 2022/09/22 v1.2b Graphics/color driver for pdftex
) (/nix/store/fgrmr0znpgyplwqk5p1aq11f9yib7d6c-texlive-combined-full-2022-final-texmfdist/tex/latex/graphics/mathcolor.ltx)) (/nix/store/fgrmr0znpgyplwqk5p1aq11f9yib7d6c-texlive-combined-full-2022-final-texmfdist/tex/latex/base/latexsym.sty
Package: latexsym 1998/08/17 v2.2e Standard LaTeX package (lasy symbols)
\symlasy=\mathgroup6
LaTeX Font Info:    Overwriting symbol font `lasy' in version `bold'
(Font)                  U/lasy/m/n --> U/lasy/b/n on input line 52.
) (/nix/store/fgrmr0znpgyplwqk5p1aq11f9yib7d6c-texlive-combined-full-2022-final-texmfdist/tex/latex/graphics/graphicx.sty
Package: graphicx 2021/09/16 v1.2d Enhanced LaTeX Graphics (DPC,SPQR)
 (/nix/store/fgrmr0znpgyplwqk5p1aq11f9yib7d6c-texlive-combined-full-2022-final-texmfdist/tex/latex/graphics/graphics.sty
Package: graphics 2022/03/10 v1.4e Standard LaTeX Graphics (DPC,SPQR)
 (/nix/store/fgrmr0znpgyplwqk5p1aq11f9yib7d6c-texlive-combined-full-2022-final-texmfdist/tex/latex/graphics/trig.sty
Package: trig 2021/08/11 v1.11 sin cos tan (DPC)
) (/nix/store/fgrmr0znpgyplwqk5p1aq11f9yib7d6c-texlive-combined-full-2022-final-texmfdist/tex/latex/graphics-cfg/graphics.cfg
File: graphics.cfg 2016/06/04 v1.11 sample graphics configuration
)
Package graphics Info: Driver file: pdftex.def on input line 107.
)
\Gin@req@height=\dimen199
\Gin@req@width=\dimen256
)
\c@subprobsi=\count291
\c@subprobsii=\count292
\enitdp@subprobs=\count293

(/nix/store/fgrmr0znpgyplwqk5p1aq11f9yib7d6c-texlive-combined-full-2022-final-texmfdist/tex/latex/l3backend/l3backend-pdftex.def
File: l3backend-pdftex.def 2023-01-16 L3 backend support: PDF output (pdfTeX)
\l__color_backend_stack_int=\count294
\l__pdf_internal_box=\box67
)

LaTeX Warning: Unused global option(s):
    [UTF8].

(./homework4.aux)
\openout1 = `homework4.aux'.

LaTeX Font Info:    Checking defaults for OML/cmm/m/it on input line 42.
LaTeX Font Info:    ... okay on input line 42.
LaTeX Font Info:    Checking defaults for OMS/cmsy/m/n on input line 42.
LaTeX Font Info:    ... okay on input line 42.
LaTeX Font Info:    Checking defaults for OT1/cmr/m/n on input line 42.
LaTeX Font Info:    ... okay on input line 42.
LaTeX Font Info:    Checking defaults for T1/cmr/m/n on input line 42.
LaTeX Font Info:    ... okay on input line 42.
LaTeX Font Info:    Checking defaults for TS1/cmr/m/n on input line 42.
LaTeX Font Info:    ... okay on input line 42.
LaTeX Font Info:    Checking defaults for OMX/cmex/m/n on input line 42.
LaTeX Font Info:    ... okay on input line 42.
LaTeX Font Info:    Checking defaults for U/cmr/m/n on input line 42.
LaTeX Font Info:    ... okay on input line 42.
LaTeX Font Info:    Checking defaults for C00/song/m/n on input line 42.
LaTeX Font Info:    ... okay on input line 42.
LaTeX Font Info:    Checking defaults for C05/song/m/n on input line 42.
LaTeX Font Info:    ... okay on input line 42.
LaTeX Font Info:    Checking defaults for C09/song/m/n on input line 42.
LaTeX Font Info:    ... okay on input line 42.
LaTeX Font Info:    Checking defaults for C10/song/m/n on input line 42.
LaTeX Font Info:    ... okay on input line 42.
LaTeX Font Info:    Checking defaults for C20/song/m/n on input line 42.
LaTeX Font Info:    ... okay on input line 42.
LaTeX Font Info:    Checking defaults for C19/song/m/n on input line 42.
LaTeX Font Info:    ... okay on input line 42.
LaTeX Font Info:    Checking defaults for C40/song/m/n on input line 42.
LaTeX Font Info:    ... okay on input line 42.
LaTeX Font Info:    Checking defaults for C42/song/m/n on input line 42.
LaTeX Font Info:    ... okay on input line 42.
LaTeX Font Info:    Checking defaults for C43/song/m/n on input line 42.
LaTeX Font Info:    ... okay on input line 42.
LaTeX Font Info:    Checking defaults for C50/song/m/n on input line 42.
LaTeX Font Info:    ... okay on input line 42.
LaTeX Font Info:    Checking defaults for C52/song/m/n on input line 42.
LaTeX Font Info:    ... okay on input line 42.
LaTeX Font Info:    Checking defaults for C49/song/m/n on input line 42.
LaTeX Font Info:    ... okay on input line 42.
LaTeX Font Info:    Checking defaults for C60/mj/m/n on input line 42.
LaTeX Font Info:    ... okay on input line 42.
LaTeX Font Info:    Checking defaults for C61/mj/m/n on input line 42.
LaTeX Font Info:    ... okay on input line 42.
LaTeX Font Info:    Checking defaults for C63/mj/m/n on input line 42.
LaTeX Font Info:    ... okay on input line 42.
LaTeX Font Info:    Checking defaults for C64/mj/m/n on input line 42.
LaTeX Font Info:    ... okay on input line 42.
LaTeX Font Info:    Checking defaults for C65/mj/m/n on input line 42.
LaTeX Font Info:    ... okay on input line 42.
LaTeX Font Info:    Checking defaults for C70/song/m/n on input line 42.
LaTeX Font Info:    ... okay on input line 42.
LaTeX Font Info:    Checking defaults for C31/song/m/n on input line 42.
LaTeX Font Info:    ... okay on input line 42.
LaTeX Font Info:    Checking defaults for C32/song/m/n on input line 42.
LaTeX Font Info:    ... okay on input line 42.
LaTeX Font Info:    Checking defaults for C33/song/m/n on input line 42.
LaTeX Font Info:    ... okay on input line 42.
LaTeX Font Info:    Checking defaults for C34/song/m/n on input line 42.
LaTeX Font Info:    ... okay on input line 42.
LaTeX Font Info:    Checking defaults for C35/song/m/n on input line 42.
LaTeX Font Info:    ... okay on input line 42.
LaTeX Font Info:    Checking defaults for C36/song/m/n on input line 42.
LaTeX Font Info:    ... okay on input line 42.
LaTeX Font Info:    Checking defaults for C37/song/m/n on input line 42.
LaTeX Font Info:    ... okay on input line 42.
LaTeX Font Info:    Checking defaults for C80/song/m/n on input line 42.
LaTeX Font Info:    ... okay on input line 42.
LaTeX Font Info:    Checking defaults for C81/song/m/n on input line 42.
LaTeX Font Info:    ... okay on input line 42.
LaTeX Font Info:    Checking defaults for C01/song/m/n on input line 42.
LaTeX Font Info:    ... okay on input line 42.
LaTeX Font Info:    Checking defaults for C11/song/m/n on input line 42.
LaTeX Font Info:    ... okay on input line 42.
LaTeX Font Info:    Checking defaults for C21/song/m/n on input line 42.
LaTeX Font Info:    ... okay on input line 42.
LaTeX Font Info:    Checking defaults for C41/song/m/n on input line 42.
LaTeX Font Info:    ... okay on input line 42.
LaTeX Font Info:    Checking defaults for C62/song/m/n on input line 42.
LaTeX Font Info:    ... okay on input line 42.

*geometry* driver: auto-detecting
*geometry* detected driver: pdftex
*geometry* verbose mode - [ preamble ] result:
* driver: pdftex
* paper: letterpaper
* layout: <same size as paper>
* layoutoffset:(h,v)=(0.0pt,0.0pt)
* modes: 
* h-part:(L,W,R)=(72.26999pt, 469.75502pt, 72.26999pt)
* v-part:(T,H,B)=(72.26999pt, 650.43001pt, 72.26999pt)
* \paperwidth=614.295pt
* \paperheight=794.96999pt
* \textwidth=469.75502pt
* \textheight=650.43001pt
* \oddsidemargin=0.0pt
* \evensidemargin=0.0pt
* \topmargin=-37.0pt
* \headheight=12.0pt
* \headsep=25.0pt
* \topskip=12.0pt
* \footskip=30.0pt
* \marginparwidth=35.0pt
* \marginparsep=10.0pt
* \columnsep=10.0pt
* \skip\footins=10.8pt plus 4.0pt minus 2.0pt
* \hoffset=0.0pt
* \voffset=0.0pt
* \mag=1000
* \@twocolumnfalse
* \@twosidefalse
* \@mparswitchfalse
* \@reversemarginfalse
* (1in=72.27pt=25.4mm, 1cm=28.453pt)

LaTeX Font Info:    Trying to load font information for U+msa on input line 42.
(/nix/store/fgrmr0znpgyplwqk5p1aq11f9yib7d6c-texlive-combined-full-2022-final-texmfdist/tex/latex/amsfonts/umsa.fd
File: umsa.fd 2013/01/14 v3.01 AMS symbols A
)
LaTeX Font Info:    Trying to load font information for U+msb on input line 42.
 (/nix/store/fgrmr0znpgyplwqk5p1aq11f9yib7d6c-texlive-combined-full-2022-final-texmfdist/tex/latex/amsfonts/umsb.fd
File: umsb.fd 2013/01/14 v3.01 AMS symbols B
)
LaTeX Font Info:    Trying to load font information for U+lasy on input line 42.
 (/nix/store/fgrmr0znpgyplwqk5p1aq11f9yib7d6c-texlive-combined-full-2022-final-texmfdist/tex/latex/base/ulasy.fd
File: ulasy.fd 1998/08/17 v2.2e LaTeX symbol font definitions
)
Package xypdf Info: Line width: 0.47998pt on input line 42.
 (/nix/store/fgrmr0znpgyplwqk5p1aq11f9yib7d6c-texlive-combined-full-2022-final-texmfdist/tex/context/base/mkii/supp-pdf.mkii
[Loading MPS to PDF converter (version 2006.09.02).]
\scratchcounter=\count295
\scratchdimen=\dimen257
\scratchbox=\box68
\nofMPsegments=\count296
\nofMParguments=\count297
\everyMPshowfont=\toks39
\MPscratchCnt=\count298
\MPscratchDim=\dimen258
\MPnumerator=\count299
\makeMPintoPDFobject=\count300
\everyMPtoPDFconversion=\toks40
) (/nix/store/fgrmr0znpgyplwqk5p1aq11f9yib7d6c-texlive-combined-full-2022-final-texmfdist/tex/latex/epstopdf-pkg/epstopdf-base.sty
Package: epstopdf-base 2020-01-24 v2.11 Base part for package epstopdf
Package epstopdf-base Info: Redefining graphics rule for `.eps' on input line 485.
 (/nix/store/fgrmr0znpgyplwqk5p1aq11f9yib7d6c-texlive-combined-full-2022-final-texmfdist/tex/latex/latexconfig/epstopdf-sys.cfg
File: epstopdf-sys.cfg 2010/07/13 v1.3 Configuration of (r)epstopdf for TeX Live
))

Package fancyhdr Warning: \headheight is too small (12.0pt): 
(fancyhdr)                Make it at least 14.49998pt, for example:
(fancyhdr)                \setlength{\headheight}{14.49998pt}.
(fancyhdr)                You might also make \topmargin smaller to compensate:
(fancyhdr)                \addtolength{\topmargin}{-2.49998pt}.

(/nix/store/fgrmr0znpgyplwqk5p1aq11f9yib7d6c-texlive-combined-full-2022-final-texmfdist/tex/latex/cjk/texinput/UTF8/UTF8.bdg
File: UTF8.bdg 2021/10/16 4.8.5
) (/nix/store/fgrmr0znpgyplwqk5p1aq11f9yib7d6c-texlive-combined-full-2022-final-texmfdist/tex/latex/cjk/texinput/UTF8/UTF8.enc
File: UTF8.enc 2021/10/16 4.8.5
) (/nix/store/fgrmr0znpgyplwqk5p1aq11f9yib7d6c-texlive-combined-full-2022-final-texmfdist/tex/latex/cjk/texinput/UTF8/UTF8.chr
File: UTF8.chr 2021/10/16 4.8.5
)
LaTeX Font Info:    Trying to load font information for C70+gkai on input line 59.
 (/nix/store/fgrmr0znpgyplwqk5p1aq11f9yib7d6c-texlive-combined-full-2022-final-texmfdist/tex/latex/cjk/texinput/UTF8/c70gkai.fd
File: c70gkai.fd 2021/10/16 4.8.5
) (/nix/store/fgrmr0znpgyplwqk5p1aq11f9yib7d6c-texlive-combined-full-2022-final-texmfdist/tex/latex/cjk/texinput/UTF8/c70gkai.fdx
File: c70gkai.fdx 2021/10/16 4.8.5
) [1{/nix/store/laq8g3iyasfbcdx862s3qlmrsrr3jll1-texlive-combined-full-2022-final/share/texmf-var/fonts/map/pdftex/updmap/pdftex.map}

]
Underfull \hbox (badness 10000) in paragraph at lines 94--94

 []


Package fancyhdr Warning: \headheight is too small (12.0pt): 
(fancyhdr)                Make it at least 14.49998pt, for example:
(fancyhdr)                \setlength{\headheight}{14.49998pt}.
(fancyhdr)                You might also make \topmargin smaller to compensate:
(fancyhdr)                \addtolength{\topmargin}{-2.49998pt}.

(/nix/store/fgrmr0znpgyplwqk5p1aq11f9yib7d6c-texlive-combined-full-2022-final-texmfdist/tex/latex/cjk/texinput/UTF8/UTF8.enc
File: UTF8.enc 2021/10/16 4.8.5
) (/nix/store/fgrmr0znpgyplwqk5p1aq11f9yib7d6c-texlive-combined-full-2022-final-texmfdist/tex/latex/cjk/texinput/UTF8/UTF8.chr
File: UTF8.chr 2021/10/16 4.8.5
) [2]
Underfull \hbox (badness 10000) in paragraph at lines 94--97

 []


Underfull \hbox (badness 10000) in paragraph at lines 110--112

 []


Overfull \hbox (81.74106pt too wide) detected at line 120
\OML/cmm/m/it/12 dp\OT1/cmr/m/n/12 [\OML/cmm/m/it/12 i\OT1/cmr/m/n/12 ][\OML/cmm/m/it/12 j\OT1/cmr/m/n/12 ] = \OML/cmm/m/it/12 dp\OT1/cmr/m/n/12 [\OML/cmm/m/it/12 i \OMS/cmsy/m/n/12 ^^@ \OT1/cmr/m/n/12 1][\OML/cmm/m/it/12 j >> \OT1/cmr/m/n/12 1] + [] []
 []


Package fancyhdr Warning: \headheight is too small (12.0pt): 
(fancyhdr)                Make it at least 14.49998pt, for example:
(fancyhdr)                \setlength{\headheight}{14.49998pt}.
(fancyhdr)                You might also make \topmargin smaller to compensate:
(fancyhdr)                \addtolength{\topmargin}{-2.49998pt}.

(/nix/store/fgrmr0znpgyplwqk5p1aq11f9yib7d6c-texlive-combined-full-2022-final-texmfdist/tex/latex/cjk/texinput/UTF8/UTF8.enc
File: UTF8.enc 2021/10/16 4.8.5
) (/nix/store/fgrmr0znpgyplwqk5p1aq11f9yib7d6c-texlive-combined-full-2022-final-texmfdist/tex/latex/cjk/texinput/UTF8/UTF8.chr
File: UTF8.chr 2021/10/16 4.8.5
) [3]
Underfull \hbox (badness 10000) in paragraph at lines 132--134

 []


Underfull \hbox (badness 10000) in paragraph at lines 135--136

 []


Package fancyhdr Warning: \headheight is too small (12.0pt): 
(fancyhdr)                Make it at least 14.49998pt, for example:
(fancyhdr)                \setlength{\headheight}{14.49998pt}.
(fancyhdr)                You might also make \topmargin smaller to compensate:
(fancyhdr)                \addtolength{\topmargin}{-2.49998pt}.

(/nix/store/fgrmr0znpgyplwqk5p1aq11f9yib7d6c-texlive-combined-full-2022-final-texmfdist/tex/latex/cjk/texinput/UTF8/UTF8.enc
File: UTF8.enc 2021/10/16 4.8.5
) (/nix/store/fgrmr0znpgyplwqk5p1aq11f9yib7d6c-texlive-combined-full-2022-final-texmfdist/tex/latex/cjk/texinput/UTF8/UTF8.chr
File: UTF8.chr 2021/10/16 4.8.5
) [4]
Underfull \hbox (badness 10000) in paragraph at lines 187--194

 []


Package fancyhdr Warning: \headheight is too small (12.0pt): 
(fancyhdr)                Make it at least 14.49998pt, for example:
(fancyhdr)                \setlength{\headheight}{14.49998pt}.
(fancyhdr)                You might also make \topmargin smaller to compensate:
(fancyhdr)                \addtolength{\topmargin}{-2.49998pt}.

(/nix/store/fgrmr0znpgyplwqk5p1aq11f9yib7d6c-texlive-combined-full-2022-final-texmfdist/tex/latex/cjk/texinput/UTF8/UTF8.enc
File: UTF8.enc 2021/10/16 4.8.5
) (/nix/store/fgrmr0znpgyplwqk5p1aq11f9yib7d6c-texlive-combined-full-2022-final-texmfdist/tex/latex/cjk/texinput/UTF8/UTF8.chr
File: UTF8.chr 2021/10/16 4.8.5
) [5]

Package fancyhdr Warning: \headheight is too small (12.0pt): 
(fancyhdr)                Make it at least 14.49998pt, for example:
(fancyhdr)                \setlength{\headheight}{14.49998pt}.
(fancyhdr)                You might also make \topmargin smaller to compensate:
(fancyhdr)                \addtolength{\topmargin}{-2.49998pt}.

(/nix/store/fgrmr0znpgyplwqk5p1aq11f9yib7d6c-texlive-combined-full-2022-final-texmfdist/tex/latex/cjk/texinput/UTF8/UTF8.enc
File: UTF8.enc 2021/10/16 4.8.5
) (/nix/store/fgrmr0znpgyplwqk5p1aq11f9yib7d6c-texlive-combined-full-2022-final-texmfdist/tex/latex/cjk/texinput/UTF8/UTF8.chr
File: UTF8.chr 2021/10/16 4.8.5
) [6]
Underfull \hbox (badness 10000) in paragraph at lines 258--263

 []


Package fancyhdr Warning: \headheight is too small (12.0pt): 
(fancyhdr)                Make it at least 14.49998pt, for example:
(fancyhdr)                \setlength{\headheight}{14.49998pt}.
(fancyhdr)                You might also make \topmargin smaller to compensate:
(fancyhdr)                \addtolength{\topmargin}{-2.49998pt}.

(/nix/store/fgrmr0znpgyplwqk5p1aq11f9yib7d6c-texlive-combined-full-2022-final-texmfdist/tex/latex/cjk/texinput/UTF8/UTF8.enc
File: UTF8.enc 2021/10/16 4.8.5
) (/nix/store/fgrmr0znpgyplwqk5p1aq11f9yib7d6c-texlive-combined-full-2022-final-texmfdist/tex/latex/cjk/texinput/UTF8/UTF8.chr
File: UTF8.chr 2021/10/16 4.8.5
) [7]

Package fancyhdr Warning: \headheight is too small (12.0pt): 
(fancyhdr)                Make it at least 14.49998pt, for example:
(fancyhdr)                \setlength{\headheight}{14.49998pt}.
(fancyhdr)                You might also make \topmargin smaller to compensate:
(fancyhdr)                \addtolength{\topmargin}{-2.49998pt}.

(/nix/store/fgrmr0znpgyplwqk5p1aq11f9yib7d6c-texlive-combined-full-2022-final-texmfdist/tex/latex/cjk/texinput/UTF8/UTF8.enc
File: UTF8.enc 2021/10/16 4.8.5
) (/nix/store/fgrmr0znpgyplwqk5p1aq11f9yib7d6c-texlive-combined-full-2022-final-texmfdist/tex/latex/cjk/texinput/UTF8/UTF8.chr
File: UTF8.chr 2021/10/16 4.8.5
) [8] (./homework4.aux) ) 
Here is how much of TeX's memory you used:
 9064 strings out of 476024
 140224 string characters out of 5764067
 1865388 words of memory out of 5000000
 29282 multiletter control sequences out of 15000+600000
 521770 words of font info for 72 fonts, out of 8000000 for 9000
 1141 hyphenation exceptions out of 8191
 57i,12n,62p,3220b,1222s stack positions out of 10000i,1000n,20000p,200000b,200000s
{/nix/store/fgrmr0znpgyplwqk5p1aq11f9yib7d6c-texlive-combined-full-2022-final-texmfdist/fonts/enc/dvips/cm-super/cm-super-ts1.enc}</nix/store/fgrmr0znpgyplwqk5p1aq11f9yib7d6c-texlive-combined-full-2022-final-texmfdist/fonts/type1/public/amsfonts/cm/cmbx12.pfb></nix/store/fgrmr0znpgyplwqk5p1aq11f9yib7d6c-texlive-combined-full-2022-final-texmfdist/fonts/type1/public/amsfonts/cm/cmex10.pfb></nix/store/fgrmr0znpgyplwqk5p1aq11f9yib7d6c-texlive-combined-full-2022-final-texmfdist/fonts/type1/public/amsfonts/cm/cmmi12.pfb></nix/store/fgrmr0znpgyplwqk5p1aq11f9yib7d6c-texlive-combined-full-2022-final-texmfdist/fonts/type1/public/amsfonts/cm/cmmi6.pfb></nix/store/fgrmr0znpgyplwqk5p1aq11f9yib7d6c-texlive-combined-full-2022-final-texmfdist/fonts/type1/public/amsfonts/cm/cmmi8.pfb></nix/store/fgrmr0znpgyplwqk5p1aq11f9yib7d6c-texlive-combined-full-2022-final-texmfdist/fonts/type1/public/amsfonts/cm/cmr12.pfb></nix/store/fgrmr0znpgyplwqk5p1aq11f9yib7d6c-texlive-combined-full-2022-final-texmfdist/fonts/type1/public/amsfonts/cm/cmr6.pfb></nix/store/fgrmr0znpgyplwqk5p1aq11f9yib7d6c-texlive-combined-full-2022-final-texmfdist/fonts/type1/public/amsfonts/cm/cmr8.pfb></nix/store/fgrmr0znpgyplwqk5p1aq11f9yib7d6c-texlive-combined-full-2022-final-texmfdist/fonts/type1/public/amsfonts/cm/cmsy10.pfb></nix/store/fgrmr0znpgyplwqk5p1aq11f9yib7d6c-texlive-combined-full-2022-final-texmfdist/fonts/type1/public/amsfonts/cm/cmsy6.pfb></nix/store/fgrmr0znpgyplwqk5p1aq11f9yib7d6c-texlive-combined-full-2022-final-texmfdist/fonts/type1/public/amsfonts/cm/cmsy8.pfb></nix/store/fgrmr0znpgyplwqk5p1aq11f9yib7d6c-texlive-combined-full-2022-final-texmfdist/fonts/type1/public/amsfonts/cm/cmti12.pfb></nix/store/fgrmr0znpgyplwqk5p1aq11f9yib7d6c-texlive-combined-full-2022-final-texmfdist/fonts/type1/arphic/gkaiu/gkaiu5b.pfb></nix/store/fgrmr0znpgyplwqk5p1aq11f9yib7d6c-texlive-combined-full-2022-final-texmfdist/fonts/type1/arphic/gkaiu/gkaiu85.pfb></nix/store/fgrmr0znpgyplwqk5p1aq11f9yib7d6c
-texlive-combined-full-2022-final-texmfdist/fonts/type1/arphic/gkaiu/gkaiu88.pfb></nix/store/fgrmr0znpgyplwqk5p1aq11f9yib7d6c-texlive-combined-full-2022-final-texmfdist/fonts/type1/public/amsfonts/symbols/msam10.pfb></nix/store/fgrmr0znpgyplwqk5p1aq11f9yib7d6c-texlive-combined-full-2022-final-texmfdist/fonts/type1/public/amsfonts/symbols/msbm10.pfb></nix/store/fgrmr0znpgyplwqk5p1aq11f9yib7d6c-texlive-combined-full-2022-final-texmfdist/fonts/type1/public/cm-super/sfrm1200.pfb>
Output written on homework4.pdf (8 pages, 184167 bytes).
PDF statistics:
 125 PDF objects out of 1000 (max. 8388607)
 75 compressed objects within 1 object stream
 0 named destinations out of 1000 (max. 500000)
 13 words of extra memory for PDF output out of 10000 (max. 10000000)

